  main.cpp
d:\computer graphic\car_3d\car\car\main.cpp(61): warning C4244: 'argument': conversion from 'GLfloat' to 'GLsizei', possible loss of data
d:\computer graphic\car_3d\car\car\main.cpp(85): warning C4305: 'initializing': truncation from 'double' to 'GLfloat'
d:\computer graphic\car_3d\car\car\main.cpp(114): warning C4305: 'argument': truncation from 'double' to 'GLfloat'
d:\computer graphic\car_3d\car\car\main.cpp(115): warning C4244: 'argument': conversion from 'int' to 'GLfloat', possible loss of data
d:\computer graphic\car_3d\car\car\main.cpp(133): warning C4305: 'argument': truncation from 'double' to 'GLclampf'
d:\computer graphic\car_3d\car\car\main.cpp(213): warning C4244: 'argument': conversion from 'GLint' to 'GLfloat', possible loss of data
d:\computer graphic\car_3d\car\car\main.cpp(217): warning C4305: 'argument': truncation from 'double' to 'GLclampf'
d:\computer graphic\car_3d\car\car\main.cpp(234): warning C4305: 'argument': truncation from 'double' to 'GLfloat'
d:\computer graphic\car_3d\car\car\main.cpp(267): warning C4305: 'argument': truncation from 'double' to 'GLfloat'
d:\computer graphic\car_3d\car\car\main.cpp(268): warning C4305: 'argument': truncation from 'double' to 'GLfloat'
d:\computer graphic\car_3d\car\car\main.cpp(278): warning C4305: 'argument': truncation from 'double' to 'GLfloat'
d:\computer graphic\car_3d\car\car\main.cpp(293): warning C4305: 'argument': truncation from 'double' to 'GLfloat'
d:\computer graphic\car_3d\car\car\main.cpp(294): warning C4305: 'argument': truncation from 'double' to 'GLfloat'
d:\computer graphic\car_3d\car\car\main.cpp(295): warning C4305: 'argument': truncation from 'double' to 'GLfloat'
d:\computer graphic\car_3d\car\car\main.cpp(296): warning C4305: 'argument': truncation from 'double' to 'GLfloat'
d:\computer graphic\car_3d\car\car\main.cpp(297): warning C4305: 'argument': truncation from 'double' to 'GLfloat'
d:\computer graphic\car_3d\car\car\main.cpp(300): warning C4305: 'argument': truncation from 'double' to 'GLfloat'
d:\computer graphic\car_3d\car\car\main.cpp(301): warning C4305: 'argument': truncation from 'double' to 'GLfloat'
d:\computer graphic\car_3d\car\car\main.cpp(302): warning C4305: 'argument': truncation from 'double' to 'GLfloat'
d:\computer graphic\car_3d\car\car\main.cpp(303): warning C4305: 'argument': truncation from 'double' to 'GLfloat'
d:\computer graphic\car_3d\car\car\main.cpp(304): warning C4305: 'argument': truncation from 'double' to 'GLfloat'
d:\computer graphic\car_3d\car\car\main.cpp(307): warning C4305: 'argument': truncation from 'double' to 'GLfloat'
d:\computer graphic\car_3d\car\car\main.cpp(314): warning C4305: 'argument': truncation from 'double' to 'GLfloat'
d:\computer graphic\car_3d\car\car\main.cpp(322): warning C4305: 'argument': truncation from 'double' to 'GLfloat'
d:\computer graphic\car_3d\car\car\main.cpp(323): warning C4305: 'argument': truncation from 'double' to 'GLfloat'
d:\computer graphic\car_3d\car\car\main.cpp(324): warning C4305: 'argument': truncation from 'double' to 'GLfloat'
d:\computer graphic\car_3d\car\car\main.cpp(325): warning C4305: 'argument': truncation from 'double' to 'GLfloat'
d:\computer graphic\car_3d\car\car\main.cpp(329): warning C4305: 'argument': truncation from 'double' to 'GLfloat'
d:\computer graphic\car_3d\car\car\main.cpp(330): warning C4305: 'argument': truncation from 'double' to 'GLfloat'
d:\computer graphic\car_3d\car\car\main.cpp(331): warning C4305: 'argument': truncation from 'double' to 'GLfloat'
d:\computer graphic\car_3d\car\car\main.cpp(332): warning C4305: 'argument': truncation from 'double' to 'GLfloat'
d:\computer graphic\car_3d\car\car\main.cpp(333): warning C4305: 'argument': truncation from 'double' to 'GLfloat'
d:\computer graphic\car_3d\car\car\main.cpp(336): warning C4305: 'argument': truncation from 'double' to 'GLfloat'
d:\computer graphic\car_3d\car\car\main.cpp(337): warning C4305: 'argument': truncation from 'double' to 'GLfloat'
d:\computer graphic\car_3d\car\car\main.cpp(338): warning C4305: 'argument': truncation from 'double' to 'GLfloat'
d:\computer graphic\car_3d\car\car\main.cpp(339): warning C4305: 'argument': truncation from 'double' to 'GLfloat'
d:\computer graphic\car_3d\car\car\main.cpp(340): warning C4305: 'argument': truncation from 'double' to 'GLfloat'
d:\computer graphic\car_3d\car\car\main.cpp(343): warning C4305: 'argument': truncation from 'double' to 'GLfloat'
d:\computer graphic\car_3d\car\car\main.cpp(344): warning C4305: 'argument': truncation from 'double' to 'GLfloat'
d:\computer graphic\car_3d\car\car\main.cpp(345): warning C4305: 'argument': truncation from 'double' to 'GLfloat'
d:\computer graphic\car_3d\car\car\main.cpp(346): warning C4305: 'argument': truncation from 'double' to 'GLfloat'
d:\computer graphic\car_3d\car\car\main.cpp(347): warning C4305: 'argument': truncation from 'double' to 'GLfloat'
d:\computer graphic\car_3d\car\car\main.cpp(350): warning C4305: 'argument': truncation from 'double' to 'GLfloat'
d:\computer graphic\car_3d\car\car\main.cpp(351): warning C4305: 'argument': truncation from 'double' to 'GLfloat'
d:\computer graphic\car_3d\car\car\main.cpp(352): warning C4305: 'argument': truncation from 'double' to 'GLfloat'
d:\computer graphic\car_3d\car\car\main.cpp(353): warning C4305: 'argument': truncation from 'double' to 'GLfloat'
d:\computer graphic\car_3d\car\car\main.cpp(354): warning C4305: 'argument': truncation from 'double' to 'GLfloat'
d:\computer graphic\car_3d\car\car\main.cpp(357): warning C4305: 'argument': truncation from 'double' to 'GLfloat'
d:\computer graphic\car_3d\car\car\main.cpp(358): warning C4305: 'argument': truncation from 'double' to 'GLfloat'
d:\computer graphic\car_3d\car\car\main.cpp(359): warning C4305: 'argument': truncation from 'double' to 'GLfloat'
d:\computer graphic\car_3d\car\car\main.cpp(360): warning C4305: 'argument': truncation from 'double' to 'GLfloat'
d:\computer graphic\car_3d\car\car\main.cpp(361): warning C4305: 'argument': truncation from 'double' to 'GLfloat'
d:\computer graphic\car_3d\car\car\main.cpp(365): warning C4305: 'argument': truncation from 'double' to 'GLfloat'
d:\computer graphic\car_3d\car\car\main.cpp(366): warning C4305: 'argument': truncation from 'double' to 'GLfloat'
d:\computer graphic\car_3d\car\car\main.cpp(367): warning C4305: 'argument': truncation from 'double' to 'GLfloat'
d:\computer graphic\car_3d\car\car\main.cpp(368): warning C4305: 'argument': truncation from 'double' to 'GLfloat'
d:\computer graphic\car_3d\car\car\main.cpp(371): warning C4305: 'argument': truncation from 'double' to 'GLfloat'
d:\computer graphic\car_3d\car\car\main.cpp(372): warning C4305: 'argument': truncation from 'double' to 'GLfloat'
d:\computer graphic\car_3d\car\car\main.cpp(373): warning C4305: 'argument': truncation from 'double' to 'GLfloat'
d:\computer graphic\car_3d\car\car\main.cpp(374): warning C4305: 'argument': truncation from 'double' to 'GLfloat'
d:\computer graphic\car_3d\car\car\main.cpp(377): warning C4305: 'argument': truncation from 'double' to 'GLfloat'
d:\computer graphic\car_3d\car\car\main.cpp(378): warning C4305: 'argument': truncation from 'double' to 'GLfloat'
d:\computer graphic\car_3d\car\car\main.cpp(379): warning C4305: 'argument': truncation from 'double' to 'GLfloat'
d:\computer graphic\car_3d\car\car\main.cpp(380): warning C4305: 'argument': truncation from 'double' to 'GLfloat'
d:\computer graphic\car_3d\car\car\main.cpp(384): warning C4305: 'argument': truncation from 'double' to 'GLfloat'
d:\computer graphic\car_3d\car\car\main.cpp(385): warning C4305: 'argument': truncation from 'double' to 'GLfloat'
d:\computer graphic\car_3d\car\car\main.cpp(386): warning C4305: 'argument': truncation from 'double' to 'GLfloat'
d:\computer graphic\car_3d\car\car\main.cpp(387): warning C4305: 'argument': truncation from 'double' to 'GLfloat'
d:\computer graphic\car_3d\car\car\main.cpp(388): warning C4305: 'argument': truncation from 'double' to 'GLfloat'
d:\computer graphic\car_3d\car\car\main.cpp(390): warning C4305: 'argument': truncation from 'double' to 'GLfloat'
d:\computer graphic\car_3d\car\car\main.cpp(391): warning C4305: 'argument': truncation from 'double' to 'GLfloat'
d:\computer graphic\car_3d\car\car\main.cpp(392): warning C4305: 'argument': truncation from 'double' to 'GLfloat'
d:\computer graphic\car_3d\car\car\main.cpp(393): warning C4305: 'argument': truncation from 'double' to 'GLfloat'
d:\computer graphic\car_3d\car\car\main.cpp(396): warning C4305: 'argument': truncation from 'double' to 'GLfloat'
d:\computer graphic\car_3d\car\car\main.cpp(397): warning C4305: 'argument': truncation from 'double' to 'GLfloat'
d:\computer graphic\car_3d\car\car\main.cpp(398): warning C4305: 'argument': truncation from 'double' to 'GLfloat'
d:\computer graphic\car_3d\car\car\main.cpp(399): warning C4305: 'argument': truncation from 'double' to 'GLfloat'
d:\computer graphic\car_3d\car\car\main.cpp(401): warning C4305: 'argument': truncation from 'double' to 'GLfloat'
d:\computer graphic\car_3d\car\car\main.cpp(402): warning C4305: 'argument': truncation from 'double' to 'GLfloat'
d:\computer graphic\car_3d\car\car\main.cpp(403): warning C4305: 'argument': truncation from 'double' to 'GLfloat'
d:\computer graphic\car_3d\car\car\main.cpp(404): warning C4305: 'argument': truncation from 'double' to 'GLfloat'
d:\computer graphic\car_3d\car\car\main.cpp(406): warning C4305: 'argument': truncation from 'double' to 'GLfloat'
d:\computer graphic\car_3d\car\car\main.cpp(407): warning C4305: 'argument': truncation from 'double' to 'GLfloat'
d:\computer graphic\car_3d\car\car\main.cpp(408): warning C4305: 'argument': truncation from 'double' to 'GLfloat'
d:\computer graphic\car_3d\car\car\main.cpp(409): warning C4305: 'argument': truncation from 'double' to 'GLfloat'
d:\computer graphic\car_3d\car\car\main.cpp(411): warning C4305: 'argument': truncation from 'double' to 'GLfloat'
d:\computer graphic\car_3d\car\car\main.cpp(412): warning C4305: 'argument': truncation from 'double' to 'GLfloat'
d:\computer graphic\car_3d\car\car\main.cpp(413): warning C4305: 'argument': truncation from 'double' to 'GLfloat'
d:\computer graphic\car_3d\car\car\main.cpp(414): warning C4305: 'argument': truncation from 'double' to 'GLfloat'
d:\computer graphic\car_3d\car\car\main.cpp(416): warning C4305: 'argument': truncation from 'double' to 'GLfloat'
d:\computer graphic\car_3d\car\car\main.cpp(417): warning C4305: 'argument': truncation from 'double' to 'GLfloat'
d:\computer graphic\car_3d\car\car\main.cpp(418): warning C4305: 'argument': truncation from 'double' to 'GLfloat'
d:\computer graphic\car_3d\car\car\main.cpp(419): warning C4305: 'argument': truncation from 'double' to 'GLfloat'
d:\computer graphic\car_3d\car\car\main.cpp(421): warning C4305: 'argument': truncation from 'double' to 'GLfloat'
d:\computer graphic\car_3d\car\car\main.cpp(422): warning C4305: 'argument': truncation from 'double' to 'GLfloat'
d:\computer graphic\car_3d\car\car\main.cpp(423): warning C4305: 'argument': truncation from 'double' to 'GLfloat'
d:\computer graphic\car_3d\car\car\main.cpp(424): warning C4305: 'argument': truncation from 'double' to 'GLfloat'
d:\computer graphic\car_3d\car\car\main.cpp(425): warning C4305: 'argument': truncation from 'double' to 'GLfloat'
d:\computer graphic\car_3d\car\car\main.cpp(427): warning C4305: 'argument': truncation from 'double' to 'GLfloat'
d:\computer graphic\car_3d\car\car\main.cpp(428): warning C4305: 'argument': truncation from 'double' to 'GLfloat'
d:\computer graphic\car_3d\car\car\main.cpp(429): warning C4305: 'argument': truncation from 'double' to 'GLfloat'
d:\computer graphic\car_3d\car\car\main.cpp(430): warning C4305: 'argument': truncation from 'double' to 'GLfloat'
d:\computer graphic\car_3d\car\car\main.cpp(433): warning C4305: 'argument': truncation from 'double' to 'GLfloat'
d:\computer graphic\car_3d\car\car\main.cpp(434): warning C4305: 'argument': truncation from 'double' to 'GLfloat'
d:\computer graphic\car_3d\car\car\main.cpp(435): warning C4305: 'argument': truncation from 'double' to 'GLfloat'
d:\computer graphic\car_3d\car\car\main.cpp(436): warning C4305: 'argument': truncation from 'double' to 'GLfloat'
d:\computer graphic\car_3d\car\car\main.cpp(438): warning C4305: 'argument': truncation from 'double' to 'GLfloat'
d:\computer graphic\car_3d\car\car\main.cpp(439): warning C4305: 'argument': truncation from 'double' to 'GLfloat'
d:\computer graphic\car_3d\car\car\main.cpp(440): warning C4305: 'argument': truncation from 'double' to 'GLfloat'
d:\computer graphic\car_3d\car\car\main.cpp(441): warning C4305: 'argument': truncation from 'double' to 'GLfloat'
d:\computer graphic\car_3d\car\car\main.cpp(443): warning C4305: 'argument': truncation from 'double' to 'GLfloat'
d:\computer graphic\car_3d\car\car\main.cpp(444): warning C4305: 'argument': truncation from 'double' to 'GLfloat'
d:\computer graphic\car_3d\car\car\main.cpp(445): warning C4305: 'argument': truncation from 'double' to 'GLfloat'
d:\computer graphic\car_3d\car\car\main.cpp(446): warning C4305: 'argument': truncation from 'double' to 'GLfloat'
d:\computer graphic\car_3d\car\car\main.cpp(454): warning C4305: 'argument': truncation from 'double' to 'GLfloat'
d:\computer graphic\car_3d\car\car\main.cpp(455): warning C4305: 'argument': truncation from 'double' to 'GLfloat'
d:\computer graphic\car_3d\car\car\main.cpp(456): warning C4305: 'argument': truncation from 'double' to 'GLfloat'
d:\computer graphic\car_3d\car\car\main.cpp(457): warning C4305: 'argument': truncation from 'double' to 'GLfloat'
d:\computer graphic\car_3d\car\car\main.cpp(458): warning C4305: 'argument': truncation from 'double' to 'GLfloat'
d:\computer graphic\car_3d\car\car\main.cpp(460): warning C4305: 'argument': truncation from 'double' to 'GLfloat'
d:\computer graphic\car_3d\car\car\main.cpp(461): warning C4305: 'argument': truncation from 'double' to 'GLfloat'
d:\computer graphic\car_3d\car\car\main.cpp(462): warning C4305: 'argument': truncation from 'double' to 'GLfloat'
d:\computer graphic\car_3d\car\car\main.cpp(463): warning C4305: 'argument': truncation from 'double' to 'GLfloat'
d:\computer graphic\car_3d\car\car\main.cpp(472): warning C4305: 'argument': truncation from 'double' to 'GLfloat'
d:\computer graphic\car_3d\car\car\main.cpp(473): warning C4305: 'argument': truncation from 'double' to 'GLfloat'
d:\computer graphic\car_3d\car\car\main.cpp(474): warning C4305: 'argument': truncation from 'double' to 'GLfloat'
d:\computer graphic\car_3d\car\car\main.cpp(475): warning C4305: 'argument': truncation from 'double' to 'GLfloat'
d:\computer graphic\car_3d\car\car\main.cpp(477): warning C4305: 'argument': truncation from 'double' to 'GLfloat'
d:\computer graphic\car_3d\car\car\main.cpp(478): warning C4305: 'argument': truncation from 'double' to 'GLfloat'
d:\computer graphic\car_3d\car\car\main.cpp(479): warning C4305: 'argument': truncation from 'double' to 'GLfloat'
d:\computer graphic\car_3d\car\car\main.cpp(480): warning C4305: 'argument': truncation from 'double' to 'GLfloat'
d:\computer graphic\car_3d\car\car\main.cpp(481): warning C4305: 'argument': truncation from 'double' to 'GLfloat'
d:\computer graphic\car_3d\car\car\main.cpp(484): warning C4305: 'argument': truncation from 'double' to 'GLfloat'
d:\computer graphic\car_3d\car\car\main.cpp(485): warning C4305: 'argument': truncation from 'double' to 'GLfloat'
d:\computer graphic\car_3d\car\car\main.cpp(486): warning C4305: 'argument': truncation from 'double' to 'GLfloat'
d:\computer graphic\car_3d\car\car\main.cpp(487): warning C4305: 'argument': truncation from 'double' to 'GLfloat'
d:\computer graphic\car_3d\car\car\main.cpp(489): warning C4305: 'argument': truncation from 'double' to 'GLfloat'
d:\computer graphic\car_3d\car\car\main.cpp(490): warning C4305: 'argument': truncation from 'double' to 'GLfloat'
d:\computer graphic\car_3d\car\car\main.cpp(491): warning C4305: 'argument': truncation from 'double' to 'GLfloat'
d:\computer graphic\car_3d\car\car\main.cpp(492): warning C4305: 'argument': truncation from 'double' to 'GLfloat'
d:\computer graphic\car_3d\car\car\main.cpp(493): warning C4305: 'argument': truncation from 'double' to 'GLfloat'
d:\computer graphic\car_3d\car\car\main.cpp(496): warning C4305: 'argument': truncation from 'double' to 'GLfloat'
d:\computer graphic\car_3d\car\car\main.cpp(497): warning C4305: 'argument': truncation from 'double' to 'GLfloat'
d:\computer graphic\car_3d\car\car\main.cpp(498): warning C4305: 'argument': truncation from 'double' to 'GLfloat'
d:\computer graphic\car_3d\car\car\main.cpp(499): warning C4305: 'argument': truncation from 'double' to 'GLfloat'
d:\computer graphic\car_3d\car\car\main.cpp(508): warning C4305: 'argument': truncation from 'double' to 'GLfloat'
d:\computer graphic\car_3d\car\car\main.cpp(510): warning C4305: '+=': truncation from 'double' to 'float'
d:\computer graphic\car_3d\car\car\main.cpp(513): warning C4244: 'argument': conversion from 'double' to 'GLfloat', possible loss of data
d:\computer graphic\car_3d\car\car\main.cpp(514): warning C4305: 'argument': truncation from 'double' to 'GLfloat'
d:\computer graphic\car_3d\car\car\main.cpp(514): warning C4244: 'argument': conversion from 'double' to 'GLfloat', possible loss of data
d:\computer graphic\car_3d\car\car\main.cpp(515): warning C4305: 'argument': truncation from 'double' to 'GLfloat'
d:\computer graphic\car_3d\car\car\main.cpp(518): warning C4305: '+=': truncation from 'double' to 'float'
d:\computer graphic\car_3d\car\car\main.cpp(521): warning C4244: 'argument': conversion from 'double' to 'GLfloat', possible loss of data
d:\computer graphic\car_3d\car\car\main.cpp(522): warning C4305: 'argument': truncation from 'double' to 'GLfloat'
d:\computer graphic\car_3d\car\car\main.cpp(522): warning C4244: 'argument': conversion from 'double' to 'GLfloat', possible loss of data
d:\computer graphic\car_3d\car\car\main.cpp(523): warning C4305: 'argument': truncation from 'double' to 'GLfloat'
d:\computer graphic\car_3d\car\car\main.cpp(533): warning C4305: 'argument': truncation from 'double' to 'GLfloat'
d:\computer graphic\car_3d\car\car\main.cpp(534): warning C4305: 'argument': truncation from 'double' to 'GLfloat'
d:\computer graphic\car_3d\car\car\main.cpp(535): warning C4305: 'argument': truncation from 'double' to 'GLfloat'
d:\computer graphic\car_3d\car\car\main.cpp(536): warning C4305: 'argument': truncation from 'double' to 'GLfloat'
d:\computer graphic\car_3d\car\car\main.cpp(538): warning C4305: 'argument': truncation from 'double' to 'GLfloat'
d:\computer graphic\car_3d\car\car\main.cpp(539): warning C4305: 'argument': truncation from 'double' to 'GLfloat'
d:\computer graphic\car_3d\car\car\main.cpp(540): warning C4305: 'argument': truncation from 'double' to 'GLfloat'
d:\computer graphic\car_3d\car\car\main.cpp(542): warning C4305: 'argument': truncation from 'double' to 'GLfloat'
d:\computer graphic\car_3d\car\car\main.cpp(543): warning C4305: 'argument': truncation from 'double' to 'GLfloat'
d:\computer graphic\car_3d\car\car\main.cpp(544): warning C4305: 'argument': truncation from 'double' to 'GLfloat'
d:\computer graphic\car_3d\car\car\main.cpp(546): warning C4305: 'argument': truncation from 'double' to 'GLfloat'
d:\computer graphic\car_3d\car\car\main.cpp(547): warning C4305: 'argument': truncation from 'double' to 'GLfloat'
d:\computer graphic\car_3d\car\car\main.cpp(548): warning C4305: 'argument': truncation from 'double' to 'GLfloat'
d:\computer graphic\car_3d\car\car\main.cpp(554): warning C4305: 'argument': truncation from 'double' to 'GLfloat'
d:\computer graphic\car_3d\car\car\main.cpp(555): warning C4305: 'argument': truncation from 'double' to 'GLfloat'
d:\computer graphic\car_3d\car\car\main.cpp(561): warning C4305: 'argument': truncation from 'double' to 'GLfloat'
d:\computer graphic\car_3d\car\car\main.cpp(566): warning C4305: 'argument': truncation from 'double' to 'GLfloat'
d:\computer graphic\car_3d\car\car\main.cpp(567): warning C4305: 'argument': truncation from 'double' to 'GLfloat'
d:\computer graphic\car_3d\car\car\main.cpp(567): warning C4244: 'argument': conversion from 'double' to 'GLfloat', possible loss of data
d:\computer graphic\car_3d\car\car\main.cpp(574): warning C4305: 'argument': truncation from 'double' to 'GLfloat'
d:\computer graphic\car_3d\car\car\main.cpp(575): warning C4305: 'argument': truncation from 'double' to 'GLfloat'
d:\computer graphic\car_3d\car\car\main.cpp(575): warning C4244: 'argument': conversion from 'double' to 'GLfloat', possible loss of data
d:\computer graphic\car_3d\car\car\main.cpp(582): warning C4305: 'argument': truncation from 'double' to 'GLfloat'
d:\computer graphic\car_3d\car\car\main.cpp(583): warning C4305: 'argument': truncation from 'double' to 'GLfloat'
d:\computer graphic\car_3d\car\car\main.cpp(583): warning C4244: 'argument': conversion from 'double' to 'GLfloat', possible loss of data
d:\computer graphic\car_3d\car\car\main.cpp(590): warning C4305: 'argument': truncation from 'double' to 'GLfloat'
d:\computer graphic\car_3d\car\car\main.cpp(591): warning C4305: 'argument': truncation from 'double' to 'GLfloat'
d:\computer graphic\car_3d\car\car\main.cpp(591): warning C4244: 'argument': conversion from 'double' to 'GLfloat', possible loss of data
d:\computer graphic\car_3d\car\car\main.cpp(595): warning C4305: 'argument': truncation from 'double' to 'GLfloat'
d:\computer graphic\car_3d\car\car\main.cpp(596): warning C4305: 'argument': truncation from 'double' to 'GLfloat'
d:\computer graphic\car_3d\car\car\main.cpp(599): warning C4305: 'argument': truncation from 'double' to 'GLfloat'
d:\computer graphic\car_3d\car\car\main.cpp(602): warning C4305: 'argument': truncation from 'double' to 'GLfloat'
d:\computer graphic\car_3d\car\car\main.cpp(605): warning C4305: 'argument': truncation from 'double' to 'GLfloat'
d:\computer graphic\car_3d\car\car\main.cpp(659): warning C4305: '+=': truncation from 'double' to 'GLfloat'
d:\computer graphic\car_3d\car\car\main.cpp(664): warning C4305: '-=': truncation from 'double' to 'GLfloat'
d:\computer graphic\car_3d\car\car\main.cpp(669): warning C4305: '+=': truncation from 'double' to 'GLfloat'
d:\computer graphic\car_3d\car\car\main.cpp(674): warning C4305: '-=': truncation from 'double' to 'GLfloat'
d:\computer graphic\car_3d\car\car\main.cpp(678): warning C4305: '+=': truncation from 'double' to 'GLfloat'
d:\computer graphic\car_3d\car\car\main.cpp(682): warning C4305: '-=': truncation from 'double' to 'GLfloat'
d:\computer graphic\car_3d\car\car\main.cpp(686): warning C4305: '+=': truncation from 'double' to 'GLfloat'
d:\computer graphic\car_3d\car\car\main.cpp(690): warning C4305: '-=': truncation from 'double' to 'GLfloat'
d:\computer graphic\car_3d\car\car\main.cpp(694): warning C4305: '+=': truncation from 'double' to 'GLfloat'
d:\computer graphic\car_3d\car\car\main.cpp(698): warning C4305: '-=': truncation from 'double' to 'GLfloat'
d:\computer graphic\car_3d\car\car\main.cpp(714): warning C4305: '+=': truncation from 'double' to 'GLfloat'
d:\computer graphic\car_3d\car\car\main.cpp(718): warning C4305: '+=': truncation from 'double' to 'GLfloat'
d:\computer graphic\car_3d\car\car\main.cpp(725): warning C4305: '-=': truncation from 'double' to 'GLfloat'
d:\computer graphic\car_3d\car\car\main.cpp(729): warning C4305: '-=': truncation from 'double' to 'GLfloat'
d:\computer graphic\car_3d\car\car\main.cpp(802): warning C4305: 'argument': truncation from 'double' to 'GLclampf'
d:\computer graphic\car_3d\car\car\main.cpp(834): warning C4305: 'argument': truncation from 'double' to 'GLclampf'
d:\computer graphic\car_3d\car\car\main.cpp(859): warning C4305: '=': truncation from 'double' to 'GLfloat'
d:\computer graphic\car_3d\car\car\main.cpp(882): warning C4305: '=': truncation from 'double' to 'GLfloat'
d:\computer graphic\car_3d\car\car\main.cpp(921): warning C4244: 'argument': conversion from 'GLint' to 'GLfloat', possible loss of data
  Car.vcxproj -> D:\Computer Graphic\car_3d\Car\x64\Debug\Car.exe
